<<<<<<< Updated upstream
[{"line":3,"elements":[{"start_timestamp":"2023-03-12T14:31:29.002Z","before":[{"result":{"duration":299612400,"status":"passed"},"match":{"location":"hooks.Hooks.beforeApi()"}},{"result":{"duration":694000,"status":"passed"},"match":{"location":"hooks.Hooks.setUpScenario()"}}],"line":21,"name":"TC03_DELETE_Request","description":"","id":"country-validation;tc03-delete-request","type":"scenario","keyword":"Scenario","steps":[{"result":{"duration":97527700,"status":"passed"},"line":22,"name":"user sends DELETE request for the update the new country name","match":{"location":"stepdefinitions.APIStepDefinitions.US_029.user_sends_delete_request_for_the_update_the_new_country_name()"},"keyword":"Given "},{"result":{"error_message":"java.lang.AssertionError: expected:<200> but was:<500>\r\n\tat org.testng.AssertJUnit.fail(AssertJUnit.java:65)\r\n\tat org.testng.AssertJUnit.failNotEquals(AssertJUnit.java:467)\r\n\tat org.testng.AssertJUnit.assertEquals(AssertJUnit.java:88)\r\n\tat org.testng.AssertJUnit.assertEquals(AssertJUnit.java:318)\r\n\tat org.testng.AssertJUnit.assertEquals(AssertJUnit.java:328)\r\n\tat stepdefinitions.APIStepDefinitions.US_029.user_validates_the_delete_of_country(US_029.java:118)\r\n\tat âœ½.user validates the delete of country(file:///C:/Users/can07/IdeaProjects/internshipProject/./src/test/resources/features/APIFeatures/US_029.feature:23)\r\n","duration":2469977200,"status":"failed"},"line":23,"name":"user validates the delete of country","match":{"location":"stepdefinitions.APIStepDefinitions.US_029.user_validates_the_delete_of_country()"},"keyword":"Then "}],"tags":[{"name":"@US029_Api_Test"},{"name":"@US029_DeleteRequest"}]}],"name":"Country Validation","description":"","id":"country-validation","keyword":"Feature","uri":"file:src/test/resources/features/APIFeatures/US_029.feature","tags":[{"name":"@US029_Api_Test","type":"Tag","location":{"line":1,"column":1}}]}]
=======
[{"line":1,"elements":[{"start_timestamp":"2023-03-12T19:41:46.177Z","line":2,"name":"Failure while executing Cucumber","description":"","id":"failure;failure-while-executing-cucumber","type":"scenario","keyword":"Scenario","steps":[{"result":{"duration":0,"status":"passed"},"line":3,"name":"Cucumber failed while executing","match":{"arguments":[],"location":"io.cucumber.core.Failure.failure_while_executing_cucumber()"},"keyword":"When "},{"result":{"duration":0,"error_message":"io.cucumber.core.runner.DuplicateStepDefinitionException: Duplicate step definitions in stepdefinitions.UIStepDefinitions.US_023.user_enters() and stepdefinitions.UIStepDefinitions.US_023.user_enters(java.lang.String)\r\n\tat io.cucumber.core.runner.CachingGlue.lambda$prepareGlue$3(CachingGlue.java:278)\r\n\tat java.base/java.util.ArrayList.forEach(ArrayList.java:1511)\r\n\tat io.cucumber.core.runner.CachingGlue.prepareGlue(CachingGlue.java:272)\r\n\tat io.cucumber.core.runner.Runner.runPickle(Runner.java:72)\r\n\tat io.cucumber.junit.PickleRunners$NoStepDescriptions.lambda$run$0(PickleRunners.java:151)\r\n\tat io.cucumber.core.runtime.CucumberExecutionContext.lambda$runTestCase$5(CucumberExecutionContext.java:130)\r\n\tat io.cucumber.core.runtime.RethrowingThrowableCollector.executeAndThrow(RethrowingThrowableCollector.java:23)\r\n\tat io.cucumber.core.runtime.CucumberExecutionContext.runTestCase(CucumberExecutionContext.java:130)\r\n\tat io.cucumber.junit.PickleRunners$NoStepDescriptions.run(PickleRunners.java:148)\r\n\tat io.cucumber.junit.FeatureRunner.runChild(FeatureRunner.java:144)\r\n\tat io.cucumber.junit.FeatureRunner.runChild(FeatureRunner.java:28)\r\n\tat org.junit.runners.ParentRunner$4.run(ParentRunner.java:331)\r\n\tat org.junit.runners.ParentRunner$1.schedule(ParentRunner.java:79)\r\n\tat org.junit.runners.ParentRunner.runChildren(ParentRunner.java:329)\r\n\tat org.junit.runners.ParentRunner.access$100(ParentRunner.java:66)\r\n\tat org.junit.runners.ParentRunner$2.evaluate(ParentRunner.java:293)\r\n\tat org.junit.runners.ParentRunner$3.evaluate(ParentRunner.java:306)\r\n\tat org.junit.runners.ParentRunner.run(ParentRunner.java:413)\r\n\tat io.cucumber.junit.FeatureRunner.run(FeatureRunner.java:137)\r\n\tat io.cucumber.junit.Cucumber.runChild(Cucumber.java:196)\r\n\tat io.cucumber.junit.Cucumber.runChild(Cucumber.java:89)\r\n\tat org.junit.runners.ParentRunner$4.run(ParentRunner.java:331)\r\n\tat org.junit.runners.ParentRunner$1.schedule(ParentRunner.java:79)\r\n\tat org.junit.runners.ParentRunner.runChildren(ParentRunner.java:329)\r\n\tat org.junit.runners.ParentRunner.access$100(ParentRunner.java:66)\r\n\tat org.junit.runners.ParentRunner$2.evaluate(ParentRunner.java:293)\r\n\tat io.cucumber.junit.Cucumber$RunBeforeAllHooks.evaluate(Cucumber.java:266)\r\n\tat io.cucumber.junit.Cucumber$RunAfterAllHooks.evaluate(Cucumber.java:281)\r\n\tat io.cucumber.junit.Cucumber$StartTestRun.evaluate(Cucumber.java:233)\r\n\tat io.cucumber.junit.Cucumber$FinishTestRun.evaluate(Cucumber.java:248)\r\n\tat org.junit.runners.ParentRunner$3.evaluate(ParentRunner.java:306)\r\n\tat org.junit.runners.ParentRunner.run(ParentRunner.java:413)\r\n\tat org.junit.runner.JUnitCore.run(JUnitCore.java:137)\r\n\tat com.intellij.junit4.JUnit4IdeaTestRunner.startRunnerWithArgs(JUnit4IdeaTestRunner.java:69)\r\n\tat com.intellij.rt.junit.IdeaTestRunner$Repeater$1.execute(IdeaTestRunner.java:38)\r\n\tat com.intellij.rt.execution.junit.TestsRepeater.repeat(TestsRepeater.java:11)\r\n\tat com.intellij.rt.junit.IdeaTestRunner$Repeater.startRunnerWithArgs(IdeaTestRunner.java:35)\r\n\tat com.intellij.rt.junit.JUnitStarter.prepareStreamsAndStart(JUnitStarter.java:235)\r\n\tat com.intellij.rt.junit.JUnitStarter.main(JUnitStarter.java:54)\r\n","status":"failed"},"line":4,"name":"Cucumber will report this error:","match":{"arguments":[],"location":"io.cucumber.core.Failure.cucumber_reports_this_error()"},"keyword":"Then "}]}],"name":"Test run failed","description":"There were errors during the execution","id":"failure","keyword":"Feature","uri":"classpath:io/cucumber/core/failure.feature","tags":[]}]
>>>>>>> Stashed changes
